<?xml version="1.0" encoding="utf-8"?><testsuites><testsuite name="pytest" errors="0" failures="0" skipped="0" tests="4" time="38.637" timestamp="2025-06-02T07:55:32.931788+00:00" hostname="fv-az1384-947"><testcase classname="tests.test_e2e_extraction.TestCompleteWorkflow" name="test_dnd_source_material_workflow" time="12.210" /><testcase classname="tests.test_e2e_extraction.TestCompleteWorkflow" name="test_novel_content_workflow" time="6.031" /><testcase classname="tests.test_e2e_extraction.TestCompleteWorkflow" name="test_multiple_game_systems_workflow" time="9.848" /><testcase classname="tests.test_e2e_extraction.TestCompleteWorkflow" name="test_confidence_testing_integration" time="5.854" /></testsuite></testsuites>