<?xml version="1.0" encoding="utf-8"?><testsuites name="pytest tests"><testsuite name="pytest" errors="0" failures="0" skipped="0" tests="4" time="39.714" timestamp="2025-06-02T21:13:27.551208+00:00" hostname="fv-az2234-842"><testcase classname="tests.test_e2e_extraction.TestCompleteWorkflow" name="test_dnd_source_material_workflow" time="12.420" /><testcase classname="tests.test_e2e_extraction.TestCompleteWorkflow" name="test_novel_content_workflow" time="5.978" /><testcase classname="tests.test_e2e_extraction.TestCompleteWorkflow" name="test_multiple_game_systems_workflow" time="10.251" /><testcase classname="tests.test_e2e_extraction.TestCompleteWorkflow" name="test_confidence_testing_integration" time="5.959" /></testsuite></testsuites>