<?xml version="1.0" encoding="utf-8"?><testsuites name="pytest tests"><testsuite name="pytest" errors="0" failures="0" skipped="0" tests="18" time="72.416" timestamp="2025-06-02T21:14:27.258864+00:00" hostname="fv-az2234-842"><testcase classname="tests.test_e2e_extraction.TestCompleteWorkflow" name="test_dnd_source_material_workflow" time="12.912" /><testcase classname="tests.test_e2e_extraction.TestCompleteWorkflow" name="test_novel_content_workflow" time="6.278" /><testcase classname="tests.test_e2e_extraction.TestCompleteWorkflow" name="test_multiple_game_systems_workflow" time="10.483" /><testcase classname="tests.test_e2e_extraction.TestCompleteWorkflow" name="test_confidence_testing_integration" time="6.272" /><testcase classname="tests.test_e2e_extraction.TestErrorRecovery" name="test_ai_service_failure_recovery" time="6.302" /><testcase classname="tests.test_e2e_extraction.TestErrorRecovery" name="test_partial_extraction_recovery" time="6.277" /><testcase classname="tests.test_e2e_extraction.TestErrorRecovery" name="test_database_connection_failure" time="6.266" /><testcase classname="tests.test_e2e_extraction.TestSessionStatePersistence" name="test_session_data_preservation" time="6.268" /><testcase classname="tests.test_e2e_extraction.TestSessionStatePersistence" name="test_extraction_state_recovery" time="6.292" /><testcase classname="tests.test_web_ui.TestFlaskAppSetup" name="test_app_configuration" time="0.003" /><testcase classname="tests.test_web_ui.TestFlaskAppSetup" name="test_index_route" time="0.009" /><testcase classname="tests.test_web_ui.TestFlaskAppSetup" name="test_version_endpoint" time="0.002" /><testcase classname="tests.test_web_ui.TestFileUpload" name="test_valid_pdf_upload" time="0.012" /><testcase classname="tests.test_web_ui.TestFileUpload" name="test_no_file_upload" time="0.002" /><testcase classname="tests.test_web_ui.TestFileUpload" name="test_empty_filename_upload" time="0.011" /><testcase classname="tests.test_web_ui.TestFileUpload" name="test_invalid_file_type_upload" time="0.011" /><testcase classname="tests.test_web_ui.TestFileUpload" name="test_file_size_limit" time="0.219" /><testcase classname="tests.test_web_ui.TestFileUpload" name="test_file_corruption_detection" time="0.012" /></testsuite></testsuites>